[debug] [2023-05-02T06:45:05.142Z] ----------------------------------------------------------------------
[debug] [2023-05-02T06:45:05.144Z] Command:       C:\Program Files\nodejs\node.exe C:\Users\Christian Kenneth\AppData\Roaming\npm\node_modules\firebase-tools\lib\bin\firebase.js init
[debug] [2023-05-02T06:45:05.145Z] CLI Version:   11.29.1
[debug] [2023-05-02T06:45:05.146Z] Platform:      win32
[debug] [2023-05-02T06:45:05.146Z] Node Version:  v18.16.0
[debug] [2023-05-02T06:45:05.147Z] Time:          Tue May 02 2023 14:45:05 GMT+0800 (Philippine Standard Time)
[debug] [2023-05-02T06:45:05.147Z] ----------------------------------------------------------------------
[debug] 
[debug] [2023-05-02T06:45:05.217Z] > command requires scopes: ["email","openid","https://www.googleapis.com/auth/cloudplatformprojects.readonly","https://www.googleapis.com/auth/firebase","https://www.googleapis.com/auth/cloud-platform"]
[debug] [2023-05-02T06:45:05.218Z] > authorizing via signed-in user (christian27kenneth@gmail.com)
[info] 
     ######## #### ########  ######## ########     ###     ######  ########
     ##        ##  ##     ## ##       ##     ##  ##   ##  ##       ##
     ######    ##  ########  ######   ########  #########  ######  ######
     ##        ##  ##    ##  ##       ##     ## ##     ##       ## ##
     ##       #### ##     ## ######## ########  ##     ##  ######  ########

You're about to initialize a Firebase project in this directory:

  C:\Users\Christian Kenneth

Before we get started, keep in mind:

  * You are initializing within an existing Firebase project directory

[info] 
=== Project Setup
[info] 
[info] First, let's associate this project directory with a Firebase project.
[info] You can create multiple project aliases by running firebase use --add, 
[info] but for now we'll just set up a default project.
[info] 
[debug] [2023-05-02T06:46:07.216Z] Using project from CLI flag: finalsactivity1-461a5
[debug] [2023-05-02T06:46:07.218Z] >>> [apiv2][query] GET https://firebase.googleapis.com/v1beta1/projects/finalsactivity1-461a5 [none]
[debug] [2023-05-02T06:46:07.666Z] <<< [apiv2][status] GET https://firebase.googleapis.com/v1beta1/projects/finalsactivity1-461a5 200
[debug] [2023-05-02T06:46:07.666Z] <<< [apiv2][body] GET https://firebase.googleapis.com/v1beta1/projects/finalsactivity1-461a5 {"projectId":"finalsactivity1-461a5","projectNumber":"51219347693","displayName":"FinalsActivity1","name":"projects/finalsactivity1-461a5","resources":{"hostingSite":"finalsactivity1-461a5","realtimeDatabaseInstance":"finalsactivity1-461a5-default-rtdb"},"state":"ACTIVE","etag":"1_1e4a7364-1922-4adc-b39b-5de1975d859d"}
[info] i  Using project finalsactivity1-461a5 (FinalsActivity1) 
[info] 
=== Hosting Setup
[info] 
[info] Your public directory is the folder (relative to your project directory) that
[info] will contain Hosting assets to be uploaded with firebase deploy. If you
[info] have a build process for your assets, use your build's output directory.
[info] 
